2014/07/24 9:36:14 にビルドを開始しました。
     1>ノード 2 上のプロジェクト "C:\教材\Siv3D\DonkeyKong\DonkeyKong\DonkeyKong.vcxproj" (Build ターゲット)。
     1>ClCompile:
         C:\Program Files (x86)\Microsoft Visual Studio 12.0\VC\bin\CL.exe /c /Zi /nologo /W4 /WX- /sdl /O2 /Oi /Oy- /GL /D WIN32 /D NDEBUG /D _WINDOWS /D _UNICODE /D UNICODE /Gm- /EHsc /MT /GS /Gy /arch:SSE2 /fp:precise /Zc:wchar_t /Zc:forScope /Fo"Release\\" /Fd"Release\vc120.pdb" /Gd /TP /analyze- /errorReport:prompt Collision.cpp Floor.cpp Main.cpp Player.cpp Stage.cpp
         Collision.cpp
         Floor.cpp
         Main.cpp
         Player.cpp
         Stage.cpp
       ResourceCompile:
         C:\Program Files (x86)\Windows Kits\8.1\bin\x86\rc.exe /D _UNICODE /D UNICODE /l"0x0409" /nologo /fo"Release\RC.res" RC.rc 
       Link:
         C:\Program Files (x86)\Microsoft Visual Studio 12.0\VC\bin\link.exe /ERRORREPORT:PROMPT /OUT:"C:\教材\Siv3D\DonkeyKong\Release\DonkeyKong.exe" /INCREMENTAL:NO /NOLOGO kernel32.lib user32.lib gdi32.lib winspool.lib comdlg32.lib advapi32.lib shell32.lib ole32.lib oleaut32.lib uuid.lib odbc32.lib odbccp32.lib /MANIFEST /MANIFESTUAC:"level='asInvoker' uiAccess='false'" /manifest:embed /DEBUG /PDB:"C:\教材\Siv3D\DonkeyKong\Release\DonkeyKong.pdb" /SUBSYSTEM:WINDOWS /OPT:REF /OPT:ICF /LTCG /TLBID:1 /DYNAMICBASE /NXCOMPAT /IMPLIB:"C:\教材\Siv3D\DonkeyKong\Release\DonkeyKong.lib" /MACHINE:X86 /SAFESEH Release\RC.res
         Release\Collision.obj
         Release\Floor.obj
         Release\Main.obj
         Release\Player.obj
         Release\Stage.obj
         コード生成しています。
         コード生成が終了しました。
         DonkeyKong.vcxproj -> C:\教材\Siv3D\DonkeyKong\Release\DonkeyKong.exe
     1>プロジェクト "C:\教材\Siv3D\DonkeyKong\DonkeyKong\DonkeyKong.vcxproj" (Build ターゲット) のビルドが完了しました。

ビルドに成功しました。

経過時間 00:00:38.50
