c:\教材\審査会出展作品\チーム制作\dungeon\dungeon\release\task.obj
c:\教材\審査会出展作品\チーム制作\dungeon\dungeon\release\batterymove.obj
c:\教材\審査会出展作品\チーム制作\dungeon\dungeon\release\downstairs.obj
c:\教材\審査会出展作品\チーム制作\dungeon\dungeon\release\gameapplication.obj
c:\教材\審査会出展作品\チーム制作\dungeon\dungeon\release\main.obj
c:\教材\審査会出展作品\チーム制作\dungeon\dungeon\release\minigoblin.obj
c:\教材\審査会出展作品\チーム制作\dungeon\dungeon\release\patrolleranimation.obj
c:\教材\審査会出展作品\チーム制作\dungeon\dungeon\release\playerattack.obj
c:\教材\審査会出展作品\チーム制作\dungeon\dungeon\release\snakecopter.obj
c:\教材\審査会出展作品\チーム制作\dungeon\dungeon\release\titlekeyevent.obj
c:\教材\審査会出展作品\チーム制作\dungeon\dungeon\release\wall.obj
c:\教材\審査会出展作品\チーム制作\dungeon\dungeon\release\collision.obj
c:\教材\審査会出展作品\チーム制作\dungeon\dungeon\release\battery.obj
c:\教材\審査会出展作品\チーム制作\dungeon\dungeon\release\charactercontroller.obj
c:\教材\審査会出展作品\チーム制作\dungeon\dungeon\release\enemy.obj
c:\教材\審査会出展作品\チーム制作\dungeon\dungeon\release\gamemanager.obj
c:\教材\審査会出展作品\チーム制作\dungeon\dungeon\release\menukeyevent.obj
c:\教材\審査会出展作品\チーム制作\dungeon\dungeon\release\minimapplayer.obj
c:\教材\審査会出展作品\チーム制作\dungeon\dungeon\release\patrollermove.obj
c:\教材\審査会出展作品\チーム制作\dungeon\dungeon\release\scroll.obj
c:\教材\審査会出展作品\チーム制作\dungeon\dungeon\release\snakecoptermove.obj
c:\教材\審査会出展作品\チーム制作\dungeon\dungeon\release\transform.obj
c:\教材\審査会出展作品\チーム制作\dungeon\dungeon\release\batteryanimation.obj
c:\教材\審査会出展作品\チーム制作\dungeon\dungeon\release\clearkeyevent.obj
c:\教材\審査会出展作品\チーム制作\dungeon\dungeon\release\enemymanager.obj
c:\教材\審査会出展作品\チーム制作\dungeon\dungeon\release\gameoverkeyevent.obj
c:\教材\審査会出展作品\チーム制作\dungeon\dungeon\release\mapread.obj
c:\教材\審査会出展作品\チーム制作\dungeon\dungeon\release\minimap.obj
c:\教材\審査会出展作品\チーム制作\dungeon\dungeon\release\patrollerattack.obj
c:\教材\審査会出展作品\チーム制作\dungeon\dungeon\release\playermove.obj
c:\教材\審査会出展作品\チーム制作\dungeon\dungeon\release\snakecopteranimation.obj
c:\教材\審査会出展作品\チーム制作\dungeon\dungeon\release\titlemanager.obj
c:\教材\審査会出展作品\チーム制作\dungeon\dungeon\release\actor.obj
c:\教材\審査会出展作品\チーム制作\dungeon\dungeon\release\batteryattack.obj
c:\教材\審査会出展作品\チーム制作\dungeon\dungeon\release\clearmanager.obj
c:\教材\審査会出展作品\チーム制作\dungeon\dungeon\release\floor.obj
c:\教材\審査会出展作品\チーム制作\dungeon\dungeon\release\gameovermanager.obj
c:\教材\審査会出展作品\チーム制作\dungeon\dungeon\release\menumanager.obj
c:\教材\審査会出展作品\チーム制作\dungeon\dungeon\release\patroller.obj
c:\教材\審査会出展作品\チーム制作\dungeon\dungeon\release\player.obj
c:\教材\審査会出展作品\チーム制作\dungeon\dungeon\release\scene.obj
c:\教材\審査会出展作品\チーム制作\dungeon\dungeon\release\snakecopterattack.obj
c:\教材\審査会出展作品\チーム制作\dungeon\dungeon\release\upstairs.obj
c:\教材\審査会出展作品\チーム制作\dungeon\dungeon\release\vc120.pdb
c:\教材\審査会出展作品\チーム制作\dungeon\dungeon\release\snakecopter1attack.obj
c:\教材\審査会出展作品\チーム制作\dungeon\dungeon\release\snakecopter1.obj
c:\教材\審査会出展作品\チーム制作\dungeon\dungeon\release\snakecopter1animation.obj
c:\教材\審査会出展作品\チーム制作\dungeon\dungeon\release\snakecopter1move.obj
c:\教材\審査会出展作品\チーム制作\dungeon\dungeon\release\switchwall.obj
c:\教材\審査会出展作品\チーム制作\dungeon\dungeon\release\switchwall1.obj
c:\教材\審査会出展作品\チーム制作\dungeon\dungeon\release\switchwall2.obj
c:\教材\審査会出展作品\チーム制作\dungeon\dungeon\release\switchwall3.obj
c:\教材\審査会出展作品\チーム制作\dungeon\dungeon\release\miniswitchwall.obj
c:\教材\審査会出展作品\チーム制作\dungeon\dungeon\release\miniswitchwall1.obj
c:\教材\審査会出展作品\チーム制作\dungeon\dungeon\release\miniswitchwall2.obj
c:\教材\審査会出展作品\チーム制作\dungeon\dungeon\release\miniswitchwall3.obj
c:\教材\審査会出展作品\チーム制作\dungeon\dungeon\release\tatteredid.obj
c:\教材\審査会出展作品\チーム制作\dungeon\dungeon\release\tatteredidanimation.obj
c:\教材\審査会出展作品\チーム制作\dungeon\dungeon\release\tatteredidattack.obj
c:\教材\審査会出展作品\チーム制作\dungeon\dungeon\release\tatteredidmove.obj
c:\教材\審査会出展作品\チーム制作\dungeon\dungeon\release\playeranimation.obj
c:\教材\審査会出展作品\チーム制作\dungeon\dungeon\release\animation.obj
c:\教材\審査会出展作品\チーム制作\dungeon\dungeon\release\direction.obj
c:\教材\審査会出展作品\チーム制作\dungeon\dungeon\release\direc.obj
c:\教材\審査会出展作品\チーム制作\dungeon\release\dungeon.exe
c:\教材\審査会出展作品\チーム制作\dungeon\release\dungeon.pdb
c:\教材\審査会出展作品\チーム制作\dungeon\dungeon\release\rc.res
c:\教材\審査会出展作品\チーム制作\dungeon\dungeon\release\cclearmanager.obj
c:\教材\審査会出展作品\チーム制作\dungeon\dungeon\release\changescenekey.obj
c:\教材\審査会出展作品\チーム制作\dungeon\dungeon\release\goblin.obj
c:\教材\審査会出展作品\チーム制作\dungeon\dungeon\release\mapmove.obj
c:\教材\審査会出展作品\チーム制作\dungeon\dungeon\release\mapscroll.obj
c:\教材\審査会出展作品\チーム制作\dungeon\dungeon\release\source.obj
c:\教材\審査会出展作品\チーム制作\dungeon\dungeon\release\staircase.obj
c:\教材\審査会出展作品\チーム制作\dungeon\dungeon\release\dungeon.tlog\cl.command.1.tlog
c:\教材\審査会出展作品\チーム制作\dungeon\dungeon\release\dungeon.tlog\cl.read.1.tlog
c:\教材\審査会出展作品\チーム制作\dungeon\dungeon\release\dungeon.tlog\cl.write.1.tlog
c:\教材\審査会出展作品\チーム制作\dungeon\dungeon\release\dungeon.tlog\link.command.1.tlog
c:\教材\審査会出展作品\チーム制作\dungeon\dungeon\release\dungeon.tlog\link.read.1.tlog
c:\教材\審査会出展作品\チーム制作\dungeon\dungeon\release\dungeon.tlog\link.write.1.tlog
c:\教材\審査会出展作品\チーム制作\dungeon\dungeon\release\dungeon.tlog\rc.command.1.tlog
c:\教材\審査会出展作品\チーム制作\dungeon\dungeon\release\dungeon.tlog\rc.read.1.tlog
c:\教材\審査会出展作品\チーム制作\dungeon\dungeon\release\dungeon.tlog\rc.write.1.tlog
