c:\教材\siv3d\donkeykong\donkeykong\debug\vc120.pdb
c:\教材\siv3d\donkeykong\donkeykong\debug\vc120.idb
c:\教材\siv3d\donkeykong\donkeykong\debug\main.obj
c:\教材\siv3d\donkeykong\donkeykong\debug\player.obj
c:\教材\siv3d\donkeykong\donkeykong\debug\floor.obj
c:\教材\siv3d\donkeykong\donkeykong\debug\stage.obj
c:\教材\siv3d\donkeykong\donkeykong\debug\collision.obj
c:\教材\siv3d\donkeykong\donkeykong\debug\object.obj
c:\教材\siv3d\donkeykong\donkeykong\debug\steelframe.obj
c:\教材\siv3d\donkeykong\donkeykong\debug\ladder.obj
c:\教材\siv3d\donkeykong\donkeykong\debug\barrel.obj
c:\教材\siv3d\donkeykong\donkeykong\debug\enemy.obj
c:\教材\siv3d\donkeykong\donkeykong\debug\drum.obj
c:\教材\siv3d\donkeykong\donkeykong\debug\bullet.obj
c:\教材\siv3d\donkeykong\donkeykong\debug\rc.res
c:\教材\siv3d\donkeykong\debug\donkeykong.pdb
c:\教材\siv3d\donkeykong\debug\donkeykong.ilk
c:\教材\siv3d\donkeykong\donkeykong\debug\donkeykong.tlog\cl.command.1.tlog
c:\教材\siv3d\donkeykong\donkeykong\debug\donkeykong.tlog\cl.read.1.tlog
c:\教材\siv3d\donkeykong\donkeykong\debug\donkeykong.tlog\cl.write.1.tlog
c:\教材\siv3d\donkeykong\donkeykong\debug\donkeykong.tlog\link.command.1.tlog
c:\教材\siv3d\donkeykong\donkeykong\debug\donkeykong.tlog\link.read.1.tlog
c:\教材\siv3d\donkeykong\donkeykong\debug\donkeykong.tlog\link.write.1.tlog
c:\教材\siv3d\donkeykong\donkeykong\debug\donkeykong.tlog\rc.command.1.tlog
c:\教材\siv3d\donkeykong\donkeykong\debug\donkeykong.tlog\rc.read.1.tlog
c:\教材\siv3d\donkeykong\donkeykong\debug\donkeykong.tlog\rc.write.1.tlog
