2014/07/24 12:29:15 にビルドを開始しました。
     1>ノード 2 上のプロジェクト "C:\教材\Siv3D\DonkeyKong\DonkeyKong\DonkeyKong.vcxproj" (Build ターゲット)。
     1>ClCompile:
         C:\Program Files (x86)\Microsoft Visual Studio 12.0\VC\bin\CL.exe /c /ZI /nologo /W4 /WX- /sdl /Od /Oy- /D WIN32 /D _DEBUG /D _WINDOWS /D _UNICODE /D UNICODE /Gm /EHsc /RTC1 /MTd /GS /fp:precise /Zc:wchar_t /Zc:forScope /Fo"Debug\\" /Fd"Debug\vc120.pdb" /Gd /TP /analyze- /errorReport:prompt Floor.cpp Main.cpp Player.cpp Stage.cpp
         Stage.cpp
         コードを生成中...
         コンパイル中...
         Player.cpp
         Floor.cpp
         コードを生成中...
         スキップ中... (関連する変更は検出されませんでした)
         Main.cpp
       Link:
         C:\Program Files (x86)\Microsoft Visual Studio 12.0\VC\bin\link.exe /ERRORREPORT:PROMPT /OUT:"C:\教材\Siv3D\DonkeyKong\Debug\DonkeyKong.exe" /INCREMENTAL /NOLOGO kernel32.lib user32.lib gdi32.lib winspool.lib comdlg32.lib advapi32.lib shell32.lib ole32.lib oleaut32.lib uuid.lib odbc32.lib odbccp32.lib /MANIFEST /MANIFESTUAC:"level='asInvoker' uiAccess='false'" /manifest:embed /DEBUG /PDB:"C:\教材\Siv3D\DonkeyKong\Debug\DonkeyKong.pdb" /SUBSYSTEM:WINDOWS /TLBID:1 /DYNAMICBASE /NXCOMPAT /IMPLIB:"C:\教材\Siv3D\DonkeyKong\Debug\DonkeyKong.lib" /MACHINE:X86 Debug\RC.res
         Debug\Collision.obj
         Debug\Floor.obj
         Debug\Main.obj
         Debug\Player.obj
         Debug\Stage.obj
     1>LINK : fatal error LNK1104: ファイル 'C:\教材\Siv3D\DonkeyKong\Debug\DonkeyKong.ilk' を開くことができません。
     1>プロジェクト "C:\教材\Siv3D\DonkeyKong\DonkeyKong\DonkeyKong.vcxproj" (Build ターゲット) のビルドが終了しました -- 失敗。

ビルドに失敗しました。

経過時間 00:00:20.90
